<?xml version="1.0" encoding="UTF-8"?>
<!-- Generated by org.testng.reporters.JUnitReportReporter -->
<testsuite hostname="NCSPH09KV1TQ3C0" failures="0" tests="3" name="AmaysimQATest1.AmaysimQA" time="46.556" errors="0" timestamp="2025-01-14T13:50:17 SGT" skipped="0">
  <testcase classname="AmaysimQATest1.AmaysimQA" name="UIPage" time="11.153"/>
  <testcase classname="AmaysimQATest1.AmaysimQA" name="Checkout" time="21.853"/>
  <testcase classname="AmaysimQATest1.AmaysimQA" name="PaymentPage" time="13.550"/>
</testsuite> <!-- AmaysimQATest1.AmaysimQA -->
