<?xml version="1.0" encoding="UTF-8"?>
<!-- Generated by org.testng.reporters.JUnitReportReporter -->
<testsuite hostname="NCSPH09KV1TQ3C0" failures="0" tests="1" name="AmaysimQATest1.AmaysimQA" time="47.010" errors="0" timestamp="2025-01-14T15:57:56 SGT" skipped="0">
  <testcase classname="AmaysimQATest1.AmaysimQA" name="AmaysimQAPlanSubcription" time="47.010"/>
</testsuite> <!-- AmaysimQATest1.AmaysimQA -->
